SF:C:\Users\pa_me\OneDrive\Documents\Schule\M450\Fibonacci\fibonacci.js
FN:1,fibonacci
FNDA:2,fibonacci
FNF:1
FNH:1
BRDA:4,1,0,1
BRDA:7,1,1,0
BRF:2
BRH:1
DA:1,1
DA:2,3
DA:3,3
DA:4,3
DA:5,3
DA:6,3
DA:7,0
DA:8,0
DA:9,3
DA:10,3
DA:11,3
LH:9
LF:11
end_of_record
SF:C:\Users\pa_me\OneDrive\Documents\Schule\M450\Fibonacci\quadratic_equation.ts
FN:1,solve
FNDA:3,solve
FNF:1
FNH:1
BRDA:3,1,0,1
BRDA:5,1,1,2
BRDA:5,1,2,1
BRF:3
BRH:3
DA:1,1
DA:2,4
DA:3,4
DA:4,20
DA:5,4
DA:6,21
DA:7,7
DA:8,7
DA:9,7
DA:10,4
LH:10
LF:10
end_of_record
